\BOOKMARK [0][]{chapter*.1}{\376\377\000D\000\351\000d\000i\000c\000a\000c\000e\000s}{}% 1
\BOOKMARK [0][]{chapter*.2}{\376\377\000R\000e\000m\000e\000r\000c\000i\000e\000m\000e\000n\000t\000s}{}% 2
\BOOKMARK [0][]{chapter*.3}{\376\377\000R\000\351\000s\000u\000m\000\351}{}% 3
\BOOKMARK [0][]{chapter*.3}{\376\377\000L\000i\000s\000t\000e\000\040\000d\000e\000s\000\040\000f\000i\000g\000u\000r\000e\000s}{}% 4
\BOOKMARK [0][]{chapter*.3}{\376\377\000L\000i\000s\000t\000e\000\040\000d\000e\000s\000\040\000t\000a\000b\000l\000e\000a\000u\000x}{}% 5
\BOOKMARK [0][]{chapter*.4}{\376\377\000L\000i\000s\000t\000e\000\040\000d\000e\000s\000\040\000s\000i\000g\000l\000e\000s\000\040\000e\000t\000\040\000a\000b\000r\000\351\000v\000i\000a\000t\000i\000o\000n\000s}{}% 6
\BOOKMARK [0][]{chapter.1}{\376\377\000I\000n\000t\000r\000o\000d\000u\000c\000t\000i\000o\000n}{}% 7
\BOOKMARK [0][]{chapter.2}{\376\377\000C\000o\000n\000t\000e\000x\000t\000e\000\040\000G\000\351\000n\000\351\000r\000a\000l\000\040\000d\000u\000\040\000P\000r\000o\000j\000e\000t\000\040\000A\000u\000t\000o\000S\000t\000o\000r\000y}{}% 8
\BOOKMARK [1][]{section.2.1}{\376\377\000I\000n\000t\000r\000o\000d\000u\000c\000t\000i\000o\000n}{chapter.2}% 9
\BOOKMARK [1][]{section.2.2}{\376\377\000L\000e\000\040\000m\000a\000r\000k\000e\000t\000i\000n\000g\000\040\000a\000u\000t\000o\000m\000o\000b\000i\000l\000e\000\040\000\340\000\040\000l\000'\000\350\000r\000e\000\040\000d\000u\000\040\000d\000i\000g\000i\000t\000a\000l}{chapter.2}% 10
\BOOKMARK [2][]{subsection.2.2.1}{\376\377\000\311\000v\000o\000l\000u\000t\000i\000o\000n\000\040\000d\000u\000\040\000s\000e\000c\000t\000e\000u\000r\000\040\000a\000u\000t\000o\000m\000o\000b\000i\000l\000e}{section.2.2}% 11
\BOOKMARK [2][]{subsection.2.2.2}{\376\377\000L\000e\000s\000\040\000d\000\351\000f\000i\000s\000\040\000d\000e\000\040\000l\000a\000\040\000p\000r\000o\000d\000u\000c\000t\000i\000o\000n\000\040\000v\000i\000d\000\351\000o\000\040\000t\000r\000a\000d\000i\000t\000i\000o\000n\000n\000e\000l\000l\000e}{section.2.2}% 12
\BOOKMARK [1][]{section.2.3}{\376\377\000L\000'\000i\000n\000t\000e\000l\000l\000i\000g\000e\000n\000c\000e\000\040\000a\000r\000t\000i\000f\000i\000c\000i\000e\000l\000l\000e\000\040\000g\000\351\000n\000\351\000r\000a\000t\000i\000v\000e}{chapter.2}% 13
\BOOKMARK [2][]{subsection.2.3.1}{\376\377\000L\000e\000s\000\040\000L\000a\000r\000g\000e\000\040\000L\000a\000n\000g\000u\000a\000g\000e\000\040\000M\000o\000d\000e\000l\000s\000\040\000\050\000L\000L\000M\000s\000\051}{section.2.3}% 14
\BOOKMARK [3][]{subsubsection.2.3.1.1}{\376\377\000G\000o\000o\000g\000l\000e\000\040\000G\000e\000m\000i\000n\000i\000\040\0002\000.\0005\000\040\000F\000l\000a\000s\000h}{subsection.2.3.1}% 15
\BOOKMARK [2][]{subsection.2.3.2}{\376\377\000L\000a\000\040\000s\000y\000n\000t\000h\000\350\000s\000e\000\040\000v\000o\000c\000a\000l\000e\000\040\000\050\000T\000e\000x\000t\000-\000t\000o\000-\000S\000p\000e\000e\000c\000h\000\051}{section.2.3}% 16
\BOOKMARK [2][]{subsection.2.3.3}{\376\377\000L\000a\000\040\000c\000o\000m\000p\000o\000s\000i\000t\000i\000o\000n\000\040\000v\000i\000d\000\351\000o\000\040\000p\000r\000o\000g\000r\000a\000m\000m\000a\000t\000i\000q\000u\000e}{section.2.3}% 17
\BOOKMARK [1][]{section.2.4}{\376\377\000\311\000t\000a\000t\000\040\000d\000e\000\040\000l\000'\000a\000r\000t\000\040\000d\000e\000s\000\040\000s\000o\000l\000u\000t\000i\000o\000n\000s\000\040\000e\000x\000i\000s\000t\000a\000n\000t\000e\000s}{chapter.2}% 18
\BOOKMARK [2][]{subsection.2.4.1}{\376\377\000S\000o\000l\000u\000t\000i\000o\000n\000s\000\040\000c\000o\000m\000m\000e\000r\000c\000i\000a\000l\000e\000s}{section.2.4}% 19
\BOOKMARK [2][]{subsection.2.4.2}{\376\377\000P\000o\000s\000i\000t\000i\000o\000n\000n\000e\000m\000e\000n\000t\000\040\000d\000'\000A\000u\000t\000o\000S\000t\000o\000r\000y}{section.2.4}% 20
\BOOKMARK [1][]{section.2.5}{\376\377\000O\000b\000j\000e\000c\000t\000i\000f\000s\000\040\000e\000t\000\040\000p\000o\000r\000t\000\351\000e\000\040\000d\000u\000\040\000p\000r\000o\000j\000e\000t}{chapter.2}% 21
\BOOKMARK [2][]{subsection.2.5.1}{\376\377\000O\000b\000j\000e\000c\000t\000i\000f\000s\000\040\000p\000r\000i\000n\000c\000i\000p\000a\000u\000x}{section.2.5}% 22
\BOOKMARK [2][]{subsection.2.5.2}{\376\377\000P\000\351\000r\000i\000m\000\350\000t\000r\000e\000\040\000d\000u\000\040\000p\000r\000o\000j\000e\000t}{section.2.5}% 23
\BOOKMARK [2][]{subsection.2.5.3}{\376\377\000V\000a\000l\000e\000u\000r\000\040\000a\000j\000o\000u\000t\000\351\000e}{section.2.5}% 24
\BOOKMARK [1][]{section.2.6}{\376\377\000C\000o\000n\000c\000l\000u\000s\000i\000o\000n}{chapter.2}% 25
\BOOKMARK [0][]{chapter.3}{\376\377\000A\000n\000a\000l\000y\000s\000e\000\040\000e\000t\000\040\000S\000p\000\351\000c\000i\000f\000i\000c\000a\000t\000i\000o\000n\000\040\000d\000e\000s\000\040\000B\000e\000s\000o\000i\000n\000s}{}% 26
\BOOKMARK [1][]{section.3.1}{\376\377\000I\000n\000t\000r\000o\000d\000u\000c\000t\000i\000o\000n}{chapter.3}% 27
\BOOKMARK [1][]{section.3.2}{\376\377\000B\000e\000s\000o\000i\000n\000s\000\040\000f\000o\000n\000c\000t\000i\000o\000n\000n\000e\000l\000s}{chapter.3}% 28
\BOOKMARK [2][]{subsection.3.2.1}{\376\377\000G\000\351\000n\000\351\000r\000a\000t\000i\000o\000n\000\040\000d\000e\000\040\000s\000c\000r\000i\000p\000t\000s\000\040\000n\000a\000r\000r\000a\000t\000i\000f\000s}{section.3.2}% 29
\BOOKMARK [2][]{subsection.3.2.2}{\376\377\000C\000l\000a\000s\000s\000i\000f\000i\000c\000a\000t\000i\000o\000n\000\040\000d\000e\000s\000\040\000v\000\351\000h\000i\000c\000u\000l\000e\000s}{section.3.2}% 30
\BOOKMARK [2][]{subsection.3.2.3}{\376\377\000S\000y\000n\000t\000h\000\350\000s\000e\000\040\000v\000o\000c\000a\000l\000e}{section.3.2}% 31
\BOOKMARK [2][]{subsection.3.2.4}{\376\377\000C\000o\000m\000p\000o\000s\000i\000t\000i\000o\000n\000\040\000v\000i\000d\000\351\000o}{section.3.2}% 32
\BOOKMARK [2][]{subsection.3.2.5}{\376\377\000I\000n\000t\000e\000r\000f\000a\000c\000e\000\040\000u\000t\000i\000l\000i\000s\000a\000t\000e\000u\000r}{section.3.2}% 33
\BOOKMARK [1][]{section.3.3}{\376\377\000B\000e\000s\000o\000i\000n\000s\000\040\000n\000o\000n\000-\000f\000o\000n\000c\000t\000i\000o\000n\000n\000e\000l\000s}{chapter.3}% 34
\BOOKMARK [2][]{subsection.3.3.1}{\376\377\000P\000e\000r\000f\000o\000r\000m\000a\000n\000c\000e}{section.3.3}% 35
\BOOKMARK [2][]{subsection.3.3.2}{\376\377\000F\000i\000a\000b\000i\000l\000i\000t\000\351}{section.3.3}% 36
\BOOKMARK [2][]{subsection.3.3.3}{\376\377\000M\000a\000i\000n\000t\000e\000n\000a\000b\000i\000l\000i\000t\000\351}{section.3.3}% 37
\BOOKMARK [2][]{subsection.3.3.4}{\376\377\000S\000\351\000c\000u\000r\000i\000t\000\351}{section.3.3}% 38
\BOOKMARK [2][]{subsection.3.3.5}{\376\377\000S\000c\000a\000l\000a\000b\000i\000l\000i\000t\000\351}{section.3.3}% 39
\BOOKMARK [2][]{subsection.3.3.6}{\376\377\000U\000t\000i\000l\000i\000s\000a\000b\000i\000l\000i\000t\000\351}{section.3.3}% 40
\BOOKMARK [1][]{section.3.4}{\376\377\000C\000o\000n\000t\000r\000a\000i\000n\000t\000e\000s\000\040\000t\000e\000c\000h\000n\000i\000q\000u\000e\000s}{chapter.3}% 41
\BOOKMARK [2][]{subsection.3.4.1}{\376\377\000C\000o\000n\000t\000r\000a\000i\000n\000t\000e\000s\000\040\000t\000e\000c\000h\000n\000o\000l\000o\000g\000i\000q\000u\000e\000s}{section.3.4}% 42
\BOOKMARK [2][]{subsection.3.4.2}{\376\377\000C\000o\000n\000t\000r\000a\000i\000n\000t\000e\000s\000\040\000d\000'\000e\000n\000v\000i\000r\000o\000n\000n\000e\000m\000e\000n\000t}{section.3.4}% 43
\BOOKMARK [1][]{section.3.5}{\376\377\000S\000p\000\351\000c\000i\000f\000i\000c\000a\000t\000i\000o\000n\000s\000\040\000t\000e\000c\000h\000n\000i\000q\000u\000e\000s}{chapter.3}% 44
\BOOKMARK [2][]{subsection.3.5.1}{\376\377\000A\000r\000c\000h\000i\000t\000e\000c\000t\000u\000r\000e\000\040\000s\000y\000s\000t\000\350\000m\000e}{section.3.5}% 45
\BOOKMARK [2][]{subsection.3.5.2}{\376\377\000F\000o\000r\000m\000a\000t\000\040\000d\000e\000s\000\040\000d\000o\000n\000n\000\351\000e\000s}{section.3.5}% 46
\BOOKMARK [1][]{section.3.6}{\376\377\000C\000o\000n\000c\000l\000u\000s\000i\000o\000n}{chapter.3}% 47
\BOOKMARK [0][]{chapter.4}{\376\377\000A\000n\000a\000l\000y\000s\000e\000\040\000e\000t\000\040\000C\000o\000n\000c\000e\000p\000t\000i\000o\000n}{}% 48
\BOOKMARK [1][]{section*.6}{\376\377\000I\000n\000t\000r\000o\000d\000u\000c\000t\000i\000o\000n}{chapter.4}% 49
\BOOKMARK [1][]{section.4.1}{\376\377\000A\000r\000c\000h\000i\000t\000e\000c\000t\000u\000r\000e\000\040\000d\000e\000\040\000l\000a\000\040\000s\000o\000l\000u\000t\000i\000o\000n}{chapter.4}% 50
\BOOKMARK [2][]{subsection.4.1.1}{\376\377\000V\000u\000e\000\040\000d\000'\000e\000n\000s\000e\000m\000b\000l\000e\000\040\000d\000e\000\040\000l\000'\000a\000r\000c\000h\000i\000t\000e\000c\000t\000u\000r\000e}{section.4.1}% 51
\BOOKMARK [2][]{subsection.4.1.2}{\376\377\000A\000r\000c\000h\000i\000t\000e\000c\000t\000u\000r\000e\000\040\000g\000l\000o\000b\000a\000l\000e\000\040\000d\000u\000\040\000p\000r\000o\000j\000e\000t}{section.4.1}% 52
\BOOKMARK [2][]{subsection.4.1.3}{\376\377\000A\000p\000p\000r\000o\000c\000h\000e\000\040\000d\000e\000\040\000s\000\351\000c\000u\000r\000i\000t\000\351\000\040\000d\000e\000\040\000l\040\031\000a\000p\000p\000l\000i\000c\000a\000t\000i\000o\000n}{section.4.1}% 53
\BOOKMARK [1][]{section.4.2}{\376\377\000C\000o\000n\000c\000e\000p\000t\000i\000o\000n\000\040\000e\000t\000\040\000m\000o\000d\000\351\000l\000i\000s\000a\000t\000i\000o\000n}{chapter.4}% 54
\BOOKMARK [2][]{subsection.4.2.1}{\376\377\000D\000i\000a\000g\000r\000a\000m\000m\000e\000s\000\040\000d\000e\000\040\000c\000a\000s\000\040\000d\000'\000u\000t\000i\000l\000i\000s\000a\000t\000i\000o\000n}{section.4.2}% 55
\BOOKMARK [3][]{subsubsection.4.2.1.1}{\376\377\000D\000i\000a\000g\000r\000a\000m\000m\000e\000\040\000d\000e\000\040\000c\000a\000s\000\040\000d\040\031\000u\000t\000i\000l\000i\000s\000a\000t\000i\000o\000n\000\040\000d\000u\000\040\000m\000o\000d\000u\000l\000e\000\040\000g\000e\000s\000t\000i\000o\000n\000\040\000d\000e\000s\000\040\000r\000\351\000s\000e\000r\000v\000a\000t\000i\000o\000n\000s}{subsection.4.2.1}% 56
\BOOKMARK [3][]{subsubsection.4.2.1.2}{\376\377\000D\000i\000a\000g\000r\000a\000m\000m\000e\000\040\000d\000e\000\040\000c\000a\000s\000\040\000d\040\031\000u\000t\000i\000l\000i\000s\000a\000t\000i\000o\000n\000\040\000d\000u\000\040\000m\000o\000d\000u\000l\000e\000\040\000g\000e\000s\000t\000i\000o\000n\000\040\000d\000e\000s\000\040\000v\000\351\000h\000i\000c\000u\000l\000e\000s}{subsection.4.2.1}% 57
\BOOKMARK [3][]{subsubsection.4.2.1.3}{\376\377\000D\000i\000a\000g\000r\000a\000m\000m\000e\000\040\000d\000e\000\040\000c\000a\000s\000\040\000d\040\031\000u\000t\000i\000l\000i\000s\000a\000t\000i\000o\000n\000\040\000d\000u\000\040\000m\000o\000d\000u\000l\000e\000\040\000g\000e\000s\000t\000i\000o\000n\000\040\000d\000e\000s\000\040\000a\000g\000e\000n\000c\000e\000s}{subsection.4.2.1}% 58
\BOOKMARK [2][]{subsection.4.2.2}{\376\377\000D\000i\000a\000g\000r\000a\000m\000m\000e\000s\000\040\000d\000e\000\040\000s\000\351\000q\000u\000e\000n\000c\000e}{section.4.2}% 59
\BOOKMARK [3][]{subsubsection.4.2.2.1}{\376\377\000D\000i\000a\000g\000r\000a\000m\000m\000e\000\040\000d\000e\000\040\000s\000\351\000q\000u\000e\000n\000c\000e\000\040\040\023\000\040\000P\000r\000o\000c\000e\000s\000s\000u\000s\000\040\000d\040\031\000a\000u\000t\000h\000e\000n\000t\000i\000f\000i\000c\000a\000t\000i\000o\000n}{subsection.4.2.2}% 60
\BOOKMARK [3][]{subsubsection.4.2.2.2}{\376\377\000D\000i\000a\000g\000r\000a\000m\000m\000e\000\040\000d\000e\000\040\000s\000\351\000q\000u\000e\000n\000c\000e\000\040\040\023\000\040\000P\000r\000o\000c\000e\000s\000s\000u\000s\000\040\000d\000e\000\040\000r\000\351\000s\000e\000r\000v\000a\000t\000i\000o\000n}{subsection.4.2.2}% 61
\BOOKMARK [2][]{subsection.4.2.3}{\376\377\000D\000i\000a\000g\000r\000a\000m\000m\000e\000s\000\040\000d\000e\000\040\000c\000l\000a\000s\000s\000e\000s}{section.4.2}% 62
\BOOKMARK [3][]{subsubsection.4.2.3.1}{\376\377\000D\000i\000a\000g\000r\000a\000m\000m\000e\000\040\000d\000e\000\040\000c\000l\000a\000s\000s\000e\000s\000\040\000d\000e\000\040\000s\000e\000r\000v\000i\000c\000e\000\040\000g\000e\000s\000t\000i\000o\000n\000\040\000d\000e\000s\000\040\000u\000t\000i\000l\000i\000s\000a\000t\000e\000u\000r\000s}{subsection.4.2.3}% 63
\BOOKMARK [3][]{subsubsection.4.2.3.2}{\376\377\000D\000i\000a\000g\000r\000a\000m\000m\000e\000\040\000d\000e\000\040\000c\000l\000a\000s\000s\000e\000s\000\040\000d\000e\000\040\000s\000e\000r\000v\000i\000c\000e\000\040\000g\000e\000s\000t\000i\000o\000n\000\040\000d\000e\000s\000\040\000r\000\351\000s\000e\000r\000v\000a\000t\000i\000o\000n\000s}{subsection.4.2.3}% 64
\BOOKMARK [3][]{subsubsection.4.2.3.3}{\376\377\000D\000i\000a\000g\000r\000a\000m\000m\000e\000\040\000d\000e\000\040\000c\000l\000a\000s\000s\000e\000s\000\040\000d\000e\000\040\000s\000e\000r\000v\000i\000c\000e\000\040\000g\000e\000s\000t\000i\000o\000n\000\040\000d\000e\000s\000\040\000a\000g\000e\000n\000c\000e\000s}{subsection.4.2.3}% 65
\BOOKMARK [3][]{subsubsection.4.2.3.4}{\376\377\000D\000i\000a\000g\000r\000a\000m\000m\000e\000\040\000d\000e\000\040\000c\000l\000a\000s\000s\000e\000s\000\040\000d\000e\000\040\000s\000e\000r\000v\000i\000c\000e\000\040\000g\000e\000s\000t\000i\000o\000n\000\040\000d\000e\000s\000\040\000v\000\351\000h\000i\000c\000u\000l\000e\000s}{subsection.4.2.3}% 66
\BOOKMARK [3][]{subsubsection.4.2.3.5}{\376\377\000D\000i\000a\000g\000r\000a\000m\000m\000e\000\040\000d\000e\000\040\000c\000l\000a\000s\000s\000e\000s\000\040\000d\000u\000\040\000m\000o\000d\000u\000l\000e\000\040\000F\000l\000e\000e\000t}{subsection.4.2.3}% 67
\BOOKMARK [1][]{figure.caption.30}{\376\377\000C\000o\000n\000c\000l\000u\000s\000i\000o\000n}{chapter.4}% 68
\BOOKMARK [0][]{chapter.5}{\376\377\000R\000\351\000a\000l\000i\000s\000a\000t\000i\000o\000n\000\040\000e\000t\000\040\000M\000i\000s\000e\000\040\000e\000n\000\040\001\122\000u\000v\000r\000e}{}% 69
\BOOKMARK [1][]{section.5.1}{\376\377\000I\000n\000t\000r\000o\000d\000u\000c\000t\000i\000o\000n}{chapter.5}% 70
\BOOKMARK [1][]{section.5.2}{\376\377\000O\000u\000t\000i\000l\000s\000\040\000d\000e\000\040\000d\000\351\000v\000e\000l\000o\000p\000p\000e\000m\000e\000n\000t\000\040\000e\000t\000\040\000t\000e\000c\000h\000n\000o\000l\000o\000g\000i\000e\000s}{chapter.5}% 71
\BOOKMARK [2][]{subsection.5.2.1}{\376\377\000O\000u\000t\000i\000l\000s\000\040\000d\000e\000\040\000d\000\351\000v\000e\000l\000o\000p\000p\000e\000m\000e\000n\000t}{section.5.2}% 72
\BOOKMARK [2][]{subsection.5.2.2}{\376\377\000T\000e\000c\000h\000n\000o\000l\000o\000g\000i\000e\000s\000\040\000d\000e\000\040\000d\000\351\000v\000e\000l\000o\000p\000p\000e\000m\000e\000n\000t}{section.5.2}% 73
\BOOKMARK [3][]{subsubsection.5.2.2.1}{\376\377\000B\000a\000c\000k\000e\000n\000d}{subsection.5.2.2}% 74
\BOOKMARK [3][]{subsubsection.5.2.2.2}{\376\377\000F\000r\000o\000n\000t\000e\000n\000d}{subsection.5.2.2}% 75
\BOOKMARK [2][]{subsection.5.2.3}{\376\377\000O\000u\000t\000i\000l\000s\000\040\000e\000t\000\040\000s\000e\000r\000v\000i\000c\000e\000s\000\040\000c\000o\000m\000p\000l\000\351\000m\000e\000n\000t\000a\000i\000r\000e\000s}{section.5.2}% 76
\BOOKMARK [3][]{subsubsection.5.2.3.1}{\376\377\000S\000\351\000c\000u\000r\000i\000t\000\351\000\040\000e\000t\000\040\000d\000r\000o\000i\000t\000s\000\040\000d\040\031\000a\000c\000c\000\350\000s}{subsection.5.2.3}% 77
\BOOKMARK [3][]{subsubsection.5.2.3.2}{\376\377\000B\000a\000s\000e\000\040\000d\000e\000\040\000d\000o\000n\000n\000\351\000e\000s}{subsection.5.2.3}% 78
\BOOKMARK [3][]{subsubsection.5.2.3.3}{\376\377\000T\000e\000s\000t\000s\000\040\000e\000t\000\040\000d\000\351\000v\000e\000l\000o\000p\000p\000e\000m\000e\000n\000t\000\040\000A\000P\000I}{subsection.5.2.3}% 79
\BOOKMARK [2][]{subsection.5.2.4}{\376\377\000M\000i\000s\000e\000\040\000e\000n\000\040\000p\000l\000a\000c\000e\000\040\000d\000u\000\040\000C\000I\000/\000C\000D\000\040\000e\000t\000\040\000d\000u\000\040\000v\000e\000r\000s\000i\000o\000n\000i\000n\000g}{section.5.2}% 80
\BOOKMARK [1][]{section.5.3}{\376\377\000T\000e\000s\000t\000s\000\040\000e\000t\000\040\000V\000a\000l\000i\000d\000a\000t\000i\000o\000n}{chapter.5}% 81
\BOOKMARK [2][]{subsection.5.3.1}{\376\377\000T\000e\000s\000t\000s\000\040\000u\000n\000i\000t\000a\000i\000r\000e\000s}{section.5.3}% 82
\BOOKMARK [2][]{subsection.5.3.2}{\376\377\000V\000a\000l\000i\000d\000a\000t\000i\000o\000n\000\040\000d\000e\000s\000\040\000d\000o\000n\000n\000\351\000e\000s}{section.5.3}% 83
\BOOKMARK [3][]{subsubsection.5.3.2.1}{\376\377\000B\000a\000c\000k\000e\000n\000d}{subsection.5.3.2}% 84
\BOOKMARK [3][]{subsubsection.5.3.2.2}{\376\377\000F\000r\000o\000n\000t\000e\000n\000d}{subsection.5.3.2}% 85
\BOOKMARK [1][]{section.5.4}{\376\377\000P\000r\000\351\000s\000e\000n\000t\000a\000t\000i\000o\000n\000\040\000d\000e\000s\000\040\000I\000n\000t\000e\000r\000f\000a\000c\000e\000s\000\040\000U\000t\000i\000l\000i\000s\000a\000t\000e\000u\000r}{chapter.5}% 86
\BOOKMARK [2][]{subsection.5.4.1}{\376\377\000F\000r\000o\000n\000t\000\040\000O\000f\000f\000i\000c\000e\000\040\000\050\000A\000p\000p\000l\000i\000c\000a\000t\000i\000o\000n\000\040\000M\000o\000b\000i\000l\000e\000\051}{section.5.4}% 87
\BOOKMARK [3][]{subsubsection.5.4.1.1}{\376\377\000I\000n\000t\000e\000r\000f\000a\000c\000e\000\040\000d\000e\000\040\000c\000o\000n\000n\000e\000x\000i\000o\000n\000\040\000\050\000L\000o\000g\000i\000n\000\051}{subsection.5.4.1}% 88
\BOOKMARK [3][]{subsubsection.5.4.1.2}{\376\377\000P\000a\000g\000e\000\040\000d\040\031\000a\000c\000c\000u\000e\000i\000l\000\040\000e\000t\000\040\000c\000a\000t\000a\000l\000o\000g\000u\000e\000\040\000d\000e\000\040\000v\000\351\000h\000i\000c\000u\000l\000e\000s}{subsection.5.4.1}% 89
\BOOKMARK [3][]{subsubsection.5.4.1.3}{\376\377\000I\000n\000t\000e\000r\000f\000a\000c\000e\000\040\000d\000e\000\040\000f\000i\000l\000t\000r\000e\000s\000\040\000a\000v\000a\000n\000c\000\351\000s}{subsection.5.4.1}% 90
\BOOKMARK [3][]{subsubsection.5.4.1.4}{\376\377\000D\000\351\000t\000a\000i\000l\000s\000\040\000d\000u\000\040\000v\000\351\000h\000i\000c\000u\000l\000e\000\040\000s\000\351\000l\000e\000c\000t\000i\000o\000n\000n\000\351}{subsection.5.4.1}% 91
\BOOKMARK [3][]{subsubsection.5.4.1.5}{\376\377\000O\000p\000t\000i\000o\000n\000s\000\040\000s\000u\000p\000p\000l\000\351\000m\000e\000n\000t\000a\000i\000r\000e\000s}{subsection.5.4.1}% 92
\BOOKMARK [3][]{subsubsection.5.4.1.6}{\376\377\000R\000\351\000s\000u\000m\000\351\000\040\000d\000e\000\040\000l\000a\000\040\000r\000\351\000s\000e\000r\000v\000a\000t\000i\000o\000n}{subsection.5.4.1}% 93
\BOOKMARK [3][]{subsubsection.5.4.1.7}{\376\377\000P\000a\000n\000i\000e\000r\000\040\000d\000e\000\040\000r\000\351\000s\000e\000r\000v\000a\000t\000i\000o\000n}{subsection.5.4.1}% 94
\BOOKMARK [3][]{subsubsection.5.4.1.8}{\376\377\000P\000a\000i\000e\000m\000e\000n\000t\000\040\000s\000\351\000c\000u\000r\000i\000s\000\351}{subsection.5.4.1}% 95
\BOOKMARK [3][]{subsubsection.5.4.1.9}{\376\377\000C\000o\000n\000f\000i\000r\000m\000a\000t\000i\000o\000n\000\040\000e\000t\000\040\000f\000i\000n\000a\000l\000i\000s\000a\000t\000i\000o\000n}{subsection.5.4.1}% 96
\BOOKMARK [3][]{subsubsection.5.4.1.10}{\376\377\000\040\000S\000i\000g\000n\000a\000l\000e\000m\000e\000n\000t\000\040\000d\040\031\000u\000n\000\040\000i\000n\000c\000i\000d\000e\000n\000t}{subsection.5.4.1}% 97
\BOOKMARK [2][]{subsection.5.4.2}{\376\377\0005\000.\0002\000\040\000B\000a\000c\000k\000\040\000O\000f\000f\000i\000c\000e\000\040\000\050\000A\000p\000p\000l\000i\000c\000a\000t\000i\000o\000n\000\040\000W\000e\000b\000\051}{section.5.4}% 98
\BOOKMARK [1][]{section.5.5}{\376\377\000I\000d\000e\000n\000t\000i\000f\000i\000c\000a\000t\000i\000o\000n\000\040\000d\000e\000s\000\040\000a\000c\000t\000e\000u\000r\000s}{chapter.5}% 99
\BOOKMARK [1][]{section.5.6}{\376\377\000C\000a\000s\000\040\000d\040\031\000u\000t\000i\000l\000i\000s\000a\000t\000i\000o\000n\000\040\000p\000r\000i\000n\000c\000i\000p\000a\000u\000x}{chapter.5}% 100
\BOOKMARK [2][]{subsection.5.6.1}{\376\377\000P\000r\000o\000c\000e\000s\000s\000u\000s\000\040\000d\000e\000\040\000r\000\351\000s\000e\000r\000v\000a\000t\000i\000o\000n}{section.5.6}% 101
\BOOKMARK [1][]{section.5.7}{\376\377\000C\000o\000n\000c\000l\000u\000s\000i\000o\000n}{chapter.5}% 102
\BOOKMARK [0][]{chapter.6}{\376\377\000C\000o\000n\000c\000l\000u\000s\000i\000o\000n\000\040\000e\000t\000\040\000p\000e\000r\000s\000p\000e\000c\000t\000i\000v\000e\000s}{}% 103
\BOOKMARK [0][]{chapter*.31}{\376\377\000W\000e\000b\000l\000i\000o\000g\000r\000a\000p\000h\000i\000e}{}% 104
\BOOKMARK [0][]{appendix.a.A}{\376\377\000A\000n\000n\000e\000x\000e\000s}{}% 105
